<?xml version="1.0" encoding="UTF-8"?>
<!-- Generated by org.testng.reporters.JUnitXMLReporter -->
<testsuite ignored="2" hostname="DESKTOP-KAAP4QF" failures="0" tests="1" name="Default test" time="17.095" errors="0" timestamp="2023-04-03T16:52:34 IST">
  <testcase classname="com.framework.SendMail.sendmail" name="sendmailWithAttachmentFile" time="16.948"/>
  <testcase classname="com.framework.SendMail.sendmail" name="demo" time="0.0">
    <ignored/>
  </testcase> <!-- demo -->
  <testcase classname="com.framework.SendMail.sendmail" name="sendmail" time="0.0">
    <ignored/>
  </testcase> <!-- sendmail -->
</testsuite> <!-- Default test -->
