<?xml version="1.0" encoding="UTF-8"?>
<!-- Generated by org.testng.reporters.JUnitXMLReporter -->
<testsuite ignored="2" hostname="GeekFerry-01" failures="0" tests="1" name="Default test" time="5.732" errors="0" timestamp="2023-02-23T12:53:38 IST">
  <testcase classname="com.framework.SendMail.sendmail" name="sendmailWithAttachmentFile" time="5.669"/>
  <testcase classname="com.framework.SendMail.sendmail" name="demo" time="0.0">
    <ignored/>
  </testcase> <!-- demo -->
  <testcase classname="com.framework.SendMail.sendmail" name="sendmail" time="0.0">
    <ignored/>
  </testcase> <!-- sendmail -->
</testsuite> <!-- Default test -->
